TN:
SF:src/index.js
FN:5,compare
FN:30,parseFile
FN:42,genDiff
FNF:3
FNH:3
FNDA:2,compare
FNDA:5,parseFile
FNDA:1,genDiff
DA:1,1
DA:2,1
DA:3,1
DA:4,1
DA:5,1
DA:6,2
DA:7,2
DA:8,2
DA:9,2
DA:10,2
DA:11,2
DA:12,2
DA:13,2
DA:14,2
DA:15,2
DA:16,2
DA:17,2
DA:18,2
DA:19,2
DA:20,2
DA:21,2
DA:22,2
DA:23,2
DA:24,2
DA:25,2
DA:26,2
DA:27,2
DA:28,2
DA:29,1
DA:30,1
DA:31,5
DA:32,5
DA:33,4
DA:34,4
DA:35,4
DA:36,4
DA:37,4
DA:38,1
DA:39,1
DA:40,1
DA:41,1
DA:42,1
DA:43,1
DA:44,1
DA:45,1
DA:46,1
DA:47,1
DA:48,1
LF:48
LH:48
BRDA:5,0,0,2
BRDA:8,1,0,6
BRDA:12,2,0,4
BRDA:16,3,0,2
BRDA:24,4,0,12
BRDA:30,5,0,5
BRDA:32,6,0,4
BRDA:38,7,0,1
BRDA:42,8,0,1
BRF:9
BRH:9
end_of_record
